[0mGET / [32m200[0m 185.194 ms - 4011[0m
[0mGET /favicon.ico [33m404[0m 43.628 ms - 150[0m
[0mGET /users/sign-in [36m304[0m 44.735 ms - -[0m
[0mGET /users/sign-up [36m304[0m 58.900 ms - -[0m
[0mPOST /users/create [36m302[0m 49.931 ms - 114[0m
[0mGET /users/sign-up [36m304[0m 52.557 ms - -[0m
[0mGET /users/sign-in [36m304[0m 58.403 ms - -[0m
[0mPOST /users/create-Session [36m302[0m 71.712 ms - 72[0m
[0mGET /users/sign-in [32m200[0m 384.886 ms - 3435[0m
[0mPOST /users/create-Session [36m302[0m 66.696 ms - 72[0m
[0mGET /users/sign-in [36m304[0m 38.506 ms - -[0m
[0mGET /users/sign-in [31m500[0m 1563.259 ms - 342[0m
[0mGET /users/sign-in [32m200[0m 173.331 ms - 3158[0m
[0mGET /users/sign-up [36m304[0m 71.491 ms - -[0m
[0mPOST /users/create [36m302[0m 230.996 ms - 72[0m
[0mGET /users/sign-in [36m304[0m 41.308 ms - -[0m
[0mPOST /users/create-Session [36m302[0m 160.384 ms - 46[0m
[0mGET / [32m200[0m 524.672 ms - 5800[0m
[0mGET / [32m200[0m 168.769 ms - 4011[0m
[0mGET /users/sign-up [36m304[0m 36.378 ms - -[0m
[0mPOST /users/create [36m302[0m 179.775 ms - 72[0m
[0mGET /users/sign-in [36m304[0m 38.668 ms - -[0m
[0mPOST /users/create-Session [36m302[0m 232.953 ms - 46[0m
[0mGET / [32m200[0m 545.858 ms - 5800[0m
[0mPOST /posts/create [32m200[0m 154.517 ms - 292[0m
[0mGET /undefined [33m404[0m 69.054 ms - 148[0m
[0mGET / [32m200[0m 309.035 ms - 7385[0m
[0mGET / [36m304[0m 248.492 ms - -[0m
[0mGET / [36m304[0m 228.755 ms - -[0m
[0mGET /users/sign-out [36m302[0m 175.278 ms - 46[0m
[0mGET / [32m200[0m 208.223 ms - 5290[0m
[0mGET /users/sign-in [36m304[0m 58.461 ms - -[0m
[0mGET /users/sign-up [36m304[0m 51.073 ms - -[0m
[0mPOST /users/create [36m302[0m 119.430 ms - 72[0m
[0mGET /users/sign-in [36m304[0m 36.209 ms - -[0m
[0mPOST /users/create-Session [36m302[0m 184.308 ms - 46[0m
[0mGET / [32m200[0m 224.345 ms - 7976[0m
[0mPOST /friends/friendship/add/?toUser=66028f0175ef11feee3a5471 [32m200[0m 339.297 ms - 511[0m
[0mGET /undefined [33m404[0m 71.322 ms - 148[0m
[0mGET / [32m200[0m 576.043 ms - 8080[0m
[0mGET /users/sign-out [36m302[0m 230.445 ms - 46[0m
[0mGET / [32m200[0m 518.731 ms - 5322[0m
[0mGET /users/sign-in [36m304[0m 37.452 ms - -[0m
[0mGET /users/sign-up [36m304[0m 54.172 ms - -[0m
[0mPOST /users/create [36m302[0m 171.207 ms - 72[0m
[0mGET /users/sign-in [36m304[0m 59.152 ms - -[0m
[0mPOST /users/create-Session [36m302[0m 176.786 ms - 46[0m
[0mGET / [32m200[0m 247.447 ms - 8467[0m
[0mPOST /posts/create [32m200[0m 214.319 ms - 280[0m
[0mGET /undefined [33m404[0m 105.670 ms - 148[0m
[0mPOST /likes/toggle/?id=6602a2af77072917d8705e6a&type=Post [32m200[0m 294.018 ms - 57[0m
[0mPOST /comments/create [32m200[0m 437.064 ms - 317[0m
[0mGET /undefined [33m404[0m 70.522 ms - 148[0m
[0mPOST /likes/toggle/?id=6602a2b877072917d8705e77&type=Comment [32m200[0m 249.105 ms - 57[0m
[0mPOST /likes/toggle/?id=6602a2b877072917d8705e77&type=Comment [32m200[0m 349.474 ms - 56[0m
[0mGET / [32m200[0m 386.592 ms - 11158[0m
[0mPOST /friends/friendship/add/?toUser=66028f0175ef11feee3a5471 [33m400[0m 135.052 ms - 75[0m
[0mPOST /friends/friendship/add/?toUser=66028f4375ef11feee3a5492 [32m200[0m 315.328 ms - 538[0m
[0mGET /undefined [33m404[0m 75.401 ms - 148[0m
[0mPOST /friends/friendship/add/?toUser=66028f0175ef11feee3a5471 [33m400[0m 129.694 ms - 75[0m
[0mGET / [32m200[0m 422.097 ms - 11537[0m
[0mPOST /friends/friendship/add/?toUser=66028f0175ef11feee3a5471 [33m400[0m 124.810 ms - 75[0m
[0mPOST /friends/friendship/add/?toUser=66028f0175ef11feee3a5471 [33m400[0m 109.663 ms - 75[0m
[0mGET /friends/friendship/remove/6602a2d777072917d8705e97 [32m200[0m 268.425 ms - 74[0m
[0mPOST /friends/friendship/add/?toUser=66028f4375ef11feee3a5492 [32m200[0m 375.652 ms - 538[0m
[0mGET /undefined [33m404[0m 96.200 ms - 148[0m
[0mPOST /friends/friendship/add/?toUser=66028f0175ef11feee3a5471 [33m400[0m 144.868 ms - 75[0m
[0mPOST /likes/toggle/?id=6602a2af77072917d8705e6a&type=Post [32m200[0m 236.920 ms - 56[0m
[0mPOST /likes/toggle/?id=6602a2af77072917d8705e6a&type=Post [32m200[0m 216.423 ms - 57[0m
[0mPOST /likes/toggle/?id=6602a2b877072917d8705e77&type=Comment [32m200[0m 270.527 ms - 57[0m
[0mPOST /likes/toggle/?id=66028f0e75ef11feee3a5479&type=Post [32m200[0m 199.670 ms - 57[0m
[0mPOST /comments/create [32m200[0m 229.237 ms - 319[0m
[0mGET /undefined [33m404[0m 68.567 ms - 148[0m
[0mPOST /likes/toggle/?id=6602a2fb77072917d8705edc&type=Comment [32m200[0m 228.447 ms - 57[0m
[0mGET / [32m200[0m 527.280 ms - 7467[0m
[0mGET /favicon.ico [33m404[0m 5.480 ms - 150[0m
[0mGET / [36m304[0m 200.459 ms - -[0m
[0mGET / [36m304[0m 219.318 ms - -[0m
[0mGET /users/sign-in [36m304[0m 102.321 ms - -[0m
[0mPOST /users/create-Session [36m302[0m 181.695 ms - 46[0m
[0mGET / [32m200[0m 662.321 ms - 12932[0m
[0mGET / [32m200[0m 331.871 ms - 12657[0m
[0mGET / [0m-[0m - ms - -[0m
[0mGET / [32m200[0m 4515.676 ms - 7467[0m
[0mGET /favicon.ico [33m404[0m 43.499 ms - 150[0m
[0mGET / [32m200[0m 455.840 ms - 7467[0m
[0mGET /users/sign-in [32m200[0m 65.638 ms - 3158[0m
[0mGET /favicon.ico [0m-[0m - ms - -[0m
[0mGET /users/sign-up [32m200[0m 564.711 ms - 3426[0m
[0mPOST /users/create [36m302[0m 175.415 ms - 72[0m
[0mGET /users/sign-in [32m200[0m 50.581 ms - 3158[0m
[0mPOST /users/create-Session [36m302[0m 200.083 ms - 46[0m
[0mGET / [32m200[0m 582.796 ms - 12513[0m
[0mGET / [32m200[0m 760.591 ms - 12238[0m
[0mGET / [36m304[0m 357.583 ms - -[0m
[0mGET / [36m304[0m 265.971 ms - -[0m
[0mGET / [32m200[0m 931.451 ms - 7499[0m
[0mGET /favicon.ico [33m404[0m 61.711 ms - 150[0m
[0mGET /users/sign-up [32m200[0m 78.387 ms - 3426[0m
[0mPOST /users/create [36m302[0m 279.582 ms - 72[0m
[0mGET /users/sign-in [32m200[0m 173.281 ms - 3158[0m
[0mGET /favicon.ico [0m-[0m - ms - -[0m
[0mPOST /users/create-Session [36m302[0m 582.987 ms - 46[0m
[0mGET / [32m200[0m 1669.933 ms - 12996[0m
[0mGET /favicon.ico [0m-[0m - ms - -[0m
[0mPOST /posts/create [32m200[0m 664.209 ms - 277[0m
[0mGET /undefined [33m404[0m 184.840 ms - 148[0m
[0mPOST /likes/toggle/?id=661d6d25631420c45fee60f4&type=Post [32m200[0m 833.961 ms - 57[0m
[0mPOST /likes/toggle/?id=661d6d25631420c45fee60f4&type=Post [32m200[0m 583.826 ms - 56[0m
[0mPOST /comments/create [32m200[0m 411.780 ms - 323[0m
[0mGET /undefined [33m404[0m 507.423 ms - 148[0m
[0mPOST /likes/toggle/?id=661d6d31631420c45fee6108&type=Comment [32m200[0m 512.509 ms - 57[0m
[0mPOST /likes/toggle/?id=661d6d25631420c45fee60f4&type=Post [32m200[0m 492.435 ms - 57[0m
[0mGET /comments/destroy/661d6d31631420c45fee6108 [32m200[0m 581.784 ms - 78[0m
[0mGET /posts/destroy/661d6d25631420c45fee60f4 [32m200[0m 506.091 ms - 74[0m
[0mPOST /posts/create [32m200[0m 536.273 ms - 272[0m
[0mGET /undefined [33m404[0m 237.155 ms - 148[0m
[0mPOST /comments/create [32m200[0m 680.600 ms - 316[0m
[0mGET /undefined [33m404[0m 165.151 ms - 148[0m
[0mPOST /likes/toggle/?id=661d6d48631420c45fee612d&type=Comment [32m200[0m 481.694 ms - 57[0m
[0mPOST /likes/toggle/?id=6602a2af77072917d8705e6a&type=Post [32m200[0m 775.511 ms - 57[0m
[0mPOST /likes/toggle/?id=661d6d42631420c45fee6127&type=Post [32m200[0m 517.777 ms - 57[0m
[0mPOST /friends/friendship/add/?toUser=66028f0175ef11feee3a5471 [33m400[0m 246.153 ms - 75[0m
[0mPOST /friends/friendship/add/?toUser=66028f0175ef11feee3a5471 [33m400[0m 270.121 ms - 75[0m
[0mPOST /friends/friendship/add/?toUser=66028f4375ef11feee3a5492 [33m400[0m 282.693 ms - 75[0m
[0mPOST /friends/friendship/add/?toUser=6602a2a377072917d8705e61 [32m200[0m 1303.575 ms - 532[0m
[0mGET /undefined [33m404[0m 115.941 ms - 148[0m
[0mPOST /friends/friendship/add/?toUser=66070b62b1243741ddfee1be [32m200[0m 971.197 ms - 535[0m
[0mGET /undefined [33m404[0m 207.311 ms - 148[0m
[0mGET /friends/friendship/remove/6602a2a377072917d8705e61 [0m-[0m - ms - -[0m
[0mGET /friends/friendship/remove/66070b62b1243741ddfee1be [0m-[0m - ms - -[0m
[0mGET /friends/friendship/remove/6602a2a377072917d8705e61 [0m-[0m - ms - -[0m
[0mGET /friends/friendship/remove/66070b62b1243741ddfee1be [0m-[0m - ms - -[0m
[0mGET /friends/friendship/remove/66070b62b1243741ddfee1be [0m-[0m - ms - -[0m
[0mGET / [32m200[0m 1489.894 ms - 16446[0m
[0mGET /favicon.ico [0m-[0m - ms - -[0m
[0mGET /friends/friendship/remove/661d6d5c631420c45fee6150 [32m200[0m 545.695 ms - 74[0m
[0mGET /friends/friendship/remove/661d6d5e631420c45fee6159 [32m200[0m 891.648 ms - 74[0m
[0mGET /users/profile/661d6d15631420c45fee60e6 [32m200[0m 529.644 ms - 3379[0m
[0mGET / [32m200[0m 1146.782 ms - 15686[0m
[0mGET /favicon.ico [0m-[0m - ms - -[0m
[0mGET /users/profile/661d6d15631420c45fee60e6 [36m304[0m 365.819 ms - -[0m
[0mGET / [32m200[0m 1427.647 ms - 15686[0m
[0mGET /favicon.ico [0m-[0m - ms - -[0m
[0mGET /users/sign-out [36m302[0m 499.211 ms - 46[0m
[0mGET / [32m200[0m 667.871 ms - 9476[0m
[0mGET /favicon.ico [0m-[0m - ms - -[0m
[0mGET /users/sign-in [32m200[0m 185.422 ms - 3158[0m
[0mGET /users/auth/google [36m302[0m 71.131 ms - 0[0m
[0mGET /users/auth/google/callback?code=4%2F0AeaYSHAnJ7R7dMlfT2GRv2fHg9w1k0R5Oqnu5gLgert6njpjtHeOsUssMSO_wNKlXawbHg&scope=email+profile+openid+https%3A%2F%2Fwww.googleapis.com%2Fauth%2Fuserinfo.profile+https%3A%2F%2Fwww.googleapis.com%2Fauth%2Fuserinfo.email&authuser=1&prompt=consent [36m302[0m 1240.635 ms - 46[0m
[0mGET / [32m200[0m 1060.118 ms - 16129[0m
[0mGET /favicon.ico [0m-[0m - ms - -[0m
[0mPOST /posts/create [32m200[0m 305.675 ms - 298[0m
[0mGET /undefined [33m404[0m 72.254 ms - 148[0m
[0mGET / [32m200[0m 962.286 ms - 17732[0m
[0mGET /favicon.ico [0m-[0m - ms - -[0m
[0mGET / [32m200[0m 369.587 ms - 10224[0m
[0mGET /favicon.ico [33m404[0m 37.208 ms - 150[0m
[0mGET /users/sign-in [32m200[0m 223.763 ms - 3158[0m
[0mGET /users/auth/google [36m302[0m 60.169 ms - 0[0m
[0mGET /users/auth/google/callback?code=4%2F0AeaYSHCscc5mlI_W3ekBbdn0VgpkDZIW2r_9T8Johkdbj5-6n-oZbeb_7AxGpPYwCfsV9Q&scope=email+profile+https%3A%2F%2Fwww.googleapis.com%2Fauth%2Fuserinfo.profile+https%3A%2F%2Fwww.googleapis.com%2Fauth%2Fuserinfo.email+openid&authuser=0&prompt=consent [36m302[0m 1370.469 ms - 46[0m
[0mGET / [32m200[0m 866.681 ms - 18346[0m
[0mPOST /comments/create [32m200[0m 221.851 ms - 363[0m
[0mGET /undefined [33m404[0m 92.664 ms - 148[0m
[0mPOST /likes/toggle/?id=661d6ea3631420c45fee61d4&type=Comment [32m200[0m 205.957 ms - 57[0m
[0mPOST /likes/toggle/?id=661d6de2631420c45fee61b0&type=Post [32m200[0m 194.089 ms - 57[0m
[0mPOST /likes/toggle/?id=661d6d42631420c45fee6127&type=Post [32m200[0m 230.960 ms - 57[0m
[0mGET /users/sign-out [36m302[0m 187.395 ms - 46[0m
[0mGET / [32m200[0m 257.173 ms - 11287[0m
[0mGET /favicon.ico [33m404[0m 34.234 ms - 150[0m
