[0mGET / [32m200[0m 1769.787 ms - 11938[0m
[0mGET /favicon.ico [33m404[0m 7.140 ms - 150[0m
[0mGET /users/sign-up [32m200[0m 121.962 ms - 3426[0m
[0mPOST /users/create [36m302[0m 137.325 ms - 72[0m
[0mGET /users/sign-in [32m200[0m 119.840 ms - 3158[0m
[0mPOST /users/create-Session [36m302[0m 5.749 ms - 72[0m
[0mGET /users/sign-in [32m200[0m 7.238 ms - 3435[0m
[0mGET /users/sign-up [36m304[0m 6.555 ms - -[0m
[0mPOST /users/create [36m302[0m 13.332 ms - 114[0m
[0mGET /users/sign-up [36m304[0m 5.644 ms - -[0m
[0mGET /users/sign-in [32m200[0m 5.663 ms - 3158[0m
[0mPOST /users/create-Session [36m302[0m 5.176 ms - 72[0m
[0mGET /users/sign-in [32m200[0m 4.518 ms - 3435[0m
[0mGET /users/sign-up [36m304[0m 12.640 ms - -[0m
[0mGET /users/sign-in [32m200[0m 5.287 ms - 3158[0m
[0mGET /users/sign-up [36m304[0m 4.804 ms - -[0m
[0mPOST /users/create [36m302[0m 10.286 ms - 72[0m
[0mGET /users/sign-in [36m304[0m 3.783 ms - -[0m
[0mPOST /users/create-Session [36m302[0m 5.285 ms - 46[0m
[0mGET / [32m200[0m 256.678 ms - 25071[0m
[0mPOST /posts/create [32m200[0m 1164.530 ms - 279[0m
[0mGET /undefined [33m404[0m 2.921 ms - 148[0m
[0mPOST /likes/toggle/?id=65cdd6adc3ee0d3239329c28&type=Post [32m200[0m 23.105 ms - 57[0m
[0mPOST /likes/toggle/?id=65bd1cdaf3ef2730b43c8d59&type=Post [32m200[0m 13.351 ms - 57[0m
[0mPOST /comments/create [32m200[0m 717.287 ms - 327[0m
[0mGET /undefined [33m404[0m 6.145 ms - 148[0m
[0mPOST /likes/toggle/?id=64b826045ff2e341ca64aad5&type=Comment [32m200[0m 21.605 ms - 57[0m
[0mPOST /likes/toggle/?id=65bd1ceaf3ef2730b43c8d64&type=Comment [32m200[0m 12.645 ms - 57[0m
[0mPOST /friends/friendship/add/?toUser=64b660bc7ffee22b8f2607ef [32m200[0m 762.245 ms - 584[0m
[0mPOST /friends/friendship/add/?toUser=64b66020d03feafc56c2b04e [32m200[0m 25.925 ms - 570[0m
[0mGET / [32m200[0m 249.667 ms - 28633[0m
[0mGET / [32m200[0m 134.888 ms - 13694[0m
[0mGET /favicon.ico [33m404[0m 1.204 ms - 150[0m
[0mGET /users/sign-in [32m200[0m 6.590 ms - 3158[0m
[0mGET /favicon.ico [0m-[0m - ms - -[0m
[0mGET /users/sign-up [32m200[0m 5.046 ms - 3426[0m
[0mGET /users/auth/google [36m302[0m 6.908 ms - 0[0m
[0mGET /users/auth/google/callback?code=4%2F0AeaYSHB6-kMXdVvbMgUd6SWT1e8JHWpthZ1Mg1OwHxZ8fJN_mm8o4Dr4vowyXrueikUFDA&scope=email+profile+https%3A%2F%2Fwww.googleapis.com%2Fauth%2Fuserinfo.profile+https%3A%2F%2Fwww.googleapis.com%2Fauth%2Fuserinfo.email+openid&authuser=0&prompt=consent [36m302[0m 548.518 ms - 46[0m
[0mGET / [32m200[0m 149.763 ms - 27724[0m
[0mGET /favicon.ico [0m-[0m - ms - -[0m
[0mPOST /friends/friendship/add/?toUser=64b661257ffee22b8f260800 [32m200[0m 32.525 ms - 715[0m
[0mPOST /friends/friendship/add/?toUser=64b661257ffee22b8f260800 [33m400[0m 3.679 ms - 75[0m
[0mGET / [32m200[0m 85.501 ms - 27871[0m
[0mPOST /likes/toggle/?id=65cdd6adc3ee0d3239329c28&type=Post [32m200[0m 27.445 ms - 57[0m
[0mPOST /likes/toggle/?id=65cdd6adc3ee0d3239329c28&type=Post [32m200[0m 33.841 ms - 56[0m
[0mPOST /comments/create [32m200[0m 38.287 ms - 401[0m
[0mPOST /likes/toggle/?id=65cdd770c3ee0d3239329ca4&type=Comment [32m200[0m 28.507 ms - 57[0m
[0mPOST /likes/toggle/?id=65cdd770c3ee0d3239329ca4&type=Comment [32m200[0m 8.556 ms - 56[0m
[0mGET /comments/destroy/65cdd770c3ee0d3239329ca4 [32m200[0m 171.974 ms - 78[0m
[0mGET /users/profile/64e4cc50d7f1192aab5e87ef [32m200[0m 294.841 ms - 3524[0m
[0mGET /favicon.ico [0m-[0m - ms - -[0m
[0mGET / [36m304[0m 84.555 ms - -[0m
[0mPOST /comments/create [32m200[0m 28.772 ms - 397[0m
[0mGET /users/sign-up [32m200[0m 2899.345 ms - 3426[0m
[0mGET /favicon.ico [33m404[0m 6.056 ms - 150[0m
[0mPOST /users/create [36m302[0m 1888.769 ms - 72[0m
[0mGET /users/sign-in [32m200[0m 302.698 ms - 3158[0m
[0mGET /favicon.ico [33m404[0m 2.996 ms - 150[0m
[0mPOST /users/create-Session [36m302[0m 238.598 ms - 46[0m
[0mGET / [32m200[0m 5932.941 ms - 29209[0m
[0mPOST /posts/create [32m200[0m 102.778 ms - 278[0m
[0mGET /undefined [33m404[0m 6.662 ms - 148[0m
[0mGET / [32m200[0m 83.391 ms - 30788[0m
[0mPOST /comments/create [32m200[0m 621.226 ms - 325[0m
[0mGET /undefined [33m404[0m 5.662 ms - 148[0m
[0mPOST /comments/create [32m200[0m 56.633 ms - 329[0m
[0mGET /undefined [33m404[0m 20.010 ms - 148[0m
[0mGET /comments/destroy/65f81c90e95f635ff216f08f [32m200[0m 57.772 ms - 78[0m
[0mPOST /likes/toggle/?id=65f81c82e95f635ff216f087&type=Comment [32m200[0m 32.320 ms - 57[0m
[0mPOST /likes/toggle/?id=65f81c82e95f635ff216f087&type=Comment [32m200[0m 34.236 ms - 56[0m
[0mPOST /likes/toggle/?id=65f81c82e95f635ff216f087&type=Comment [32m200[0m 21.700 ms - 57[0m
[0mPOST /likes/toggle/?id=65cdd6adc3ee0d3239329c28&type=Post [32m200[0m 33.960 ms - 57[0m
[0mPOST /likes/toggle/?id=65f81c44e95f635ff216f078&type=Post [32m200[0m 38.536 ms - 57[0m
[0mPOST /likes/toggle/?id=65f81c44e95f635ff216f078&type=Post [32m200[0m 28.787 ms - 56[0m
[0mGET /posts/destroy/65f81c44e95f635ff216f078 [32m200[0m 29.426 ms - 74[0m
[0mPOST /friends/friendship/add/?toUser=64b66020d03feafc56c2b04e [33m400[0m 16.964 ms - 75[0m
[0mPOST /friends/friendship/add/?toUser=64b660bc7ffee22b8f2607ef [33m400[0m 13.671 ms - 75[0m
[0mGET / [32m200[0m 93.477 ms - 28934[0m
[0mGET / [36m304[0m 65.507 ms - -[0m
[0mGET / [36m304[0m 57.890 ms - -[0m
[0mPOST /friends/friendship/add/?toUser=64b661257ffee22b8f260800 [33m400[0m 16.373 ms - 75[0m
[0mPOST /friends/friendship/add/?toUser=64b661257ffee22b8f260800 [33m400[0m 16.441 ms - 75[0m
[0mPOST /friends/friendship/add/?toUser=64b661567ffee22b8f260811 [33m400[0m 20.095 ms - 75[0m
[0mPOST /friends/friendship/add/?toUser=64b662bb7ffee22b8f260833 [32m200[0m 154.227 ms - 579[0m
[0mPOST /friends/friendship/add/?toUser=64b662bb7ffee22b8f260833 [33m400[0m 8.084 ms - 75[0m
[0mPOST /friends/friendship/add/?toUser=64b663a77ffee22b8f260858 [32m200[0m 46.798 ms - 606[0m
[0mPOST /friends/friendship/add/?toUser=64b663a77ffee22b8f260858 [33m400[0m 16.336 ms - 75[0m
[0mGET / [32m200[0m 116.733 ms - 29778[0m
[0mPOST /friends/friendship/add/?toUser=64e46ca068eb130d999ac4bb [32m200[0m 39.993 ms - 655[0m
[0mPOST /friends/friendship/add/?toUser=64e4cc50d7f1192aab5e87ef [32m200[0m 34.260 ms - 746[0m
[0mPOST /friends/friendship/add/?toUser=64e4cc50d7f1192aab5e87ef [33m400[0m 9.095 ms - 75[0m
[0mGET / [32m200[0m 424.235 ms - 30648[0m
[0mPOST /friends/friendship/add/?toUser=64b660bc7ffee22b8f2607ef [33m400[0m 19.057 ms - 75[0m
[0mGET / [36m304[0m 59.891 ms - -[0m
[0mPOST /friends/friendship/add/?toUser=64b66020d03feafc56c2b04e [33m400[0m 12.237 ms - 75[0m
[0mPOST /friends/friendship/add/?toUser=64b66020d03feafc56c2b04e [33m400[0m 8.917 ms - 75[0m
[0mGET / [36m304[0m 68.454 ms - -[0m
[0mGET /friends/friendship/remove/65f81cdbe95f635ff216f116 [32m200[0m 45.315 ms - 74[0m
[0mGET /friends/friendship/remove/65f81cd9e95f635ff216f10e [32m200[0m 20.286 ms - 74[0m
[0mGET /friends/friendship/remove/65f81cd1e95f635ff216f0fa [32m200[0m 29.031 ms - 74[0m
[0mGET /friends/friendship/remove/65f81ccfe95f635ff216f0f0 [32m200[0m 32.438 ms - 74[0m
[0mPOST /comments/create [32m200[0m 49.540 ms - 329[0m
[0mGET /undefined [33m404[0m 19.746 ms - 148[0m
[0mGET / [32m200[0m 1202.915 ms - 30062[0m
[0mPOST /posts/create [32m200[0m 25.216 ms - 278[0m
[0mGET /undefined [33m404[0m 5.896 ms - 148[0m
[0mGET / [32m200[0m 79.060 ms - 31916[0m
[0mGET / [36m304[0m 81.985 ms - -[0m
[0mGET /users/profile/65f81bffe95f635ff216f06b [32m200[0m 81.007 ms - 3393[0m
[0mGET / [36m304[0m 101.051 ms - -[0m
[0mPOST /friends/friendship/add/?toUser=64b66020d03feafc56c2b04e [33m400[0m 20.755 ms - 75[0m
[0mPOST /friends/friendship/add/?toUser=64b66020d03feafc56c2b04e [33m400[0m 7.779 ms - 75[0m
[0mPOST /friends/friendship/add/?toUser=64b66020d03feafc56c2b04e [33m400[0m 13.375 ms - 75[0m
[0mPOST /friends/friendship/add/?toUser=64b66020d03feafc56c2b04e [33m400[0m 15.206 ms - 75[0m
[0mPOST /friends/friendship/add/?toUser=64b660bc7ffee22b8f2607ef [33m400[0m 17.535 ms - 75[0m
[0mPOST /friends/friendship/add/?toUser=64b660bc7ffee22b8f2607ef [33m400[0m 14.309 ms - 75[0m
[0mPOST /friends/friendship/add/?toUser=64b660bc7ffee22b8f2607ef [33m400[0m 12.902 ms - 75[0m
[0mGET / [36m304[0m 99.074 ms - -[0m
[0mGET / [36m304[0m 65.087 ms - -[0m
[0mPOST /friends/friendship/add/?toUser=64b661257ffee22b8f260800 [33m400[0m 16.782 ms - 75[0m
[0mPOST /friends/friendship/add/?toUser=64b661257ffee22b8f260800 [33m400[0m 10.748 ms - 75[0m
[0mPOST /friends/friendship/add/?toUser=64b662847ffee22b8f260822 [32m200[0m 21.367 ms - 579[0m
[0mPOST /friends/friendship/add/?toUser=64b662847ffee22b8f260822 [33m400[0m 14.602 ms - 75[0m
[0mPOST /friends/friendship/add/?toUser=64b662bb7ffee22b8f260833 [32m200[0m 39.150 ms - 607[0m
[0mGET / [32m200[0m 66.113 ms - 32760[0m
[0mPOST /friends/friendship/add/?toUser=64b661257ffee22b8f260800 [33m400[0m 19.083 ms - 75[0m
[0mPOST /friends/friendship/add/?toUser=64b661567ffee22b8f260811 [33m400[0m 13.410 ms - 75[0m
[0mPOST /friends/friendship/add/?toUser=64b661567ffee22b8f260811 [33m400[0m 9.614 ms - 75[0m
[0mPOST /friends/friendship/add/?toUser=64b661567ffee22b8f260811 [33m400[0m 15.625 ms - 75[0m
[0mPOST /friends/friendship/add/?toUser=64e47b3965b7c616e130ce74 [32m200[0m 34.583 ms - 632[0m
[0mPOST /friends/friendship/add/?toUser=64e46ca068eb130d999ac4bb [32m200[0m 38.066 ms - 683[0m
[0mGET / [32m200[0m 79.504 ms - 33587[0m
[0mPOST /friends/friendship/add/?toUser=65cdd61cc3ee0d3239329c15 [32m200[0m 53.027 ms - 639[0m
[0mPOST /friends/friendship/add/?toUser=64e5da5a5ad3bb1e2d8f6a2c [32m200[0m 36.288 ms - 664[0m
[0mPOST /friends/friendship/add/?toUser=64e5daa35ad3bb1e2d8f6a2f [32m200[0m 42.311 ms - 686[0m
[0mPOST /friends/friendship/add/?toUser=65cdd61cc3ee0d3239329c15 [33m400[0m 14.459 ms - 75[0m
[0mPOST /friends/friendship/add/?toUser=65cdd678c3ee0d3239329c1b [32m200[0m 41.273 ms - 776[0m
[0mGET / [32m200[0m 65.715 ms - 35131[0m
[0mGET / [36m304[0m 74.932 ms - -[0m
[0mGET / [32m200[0m 51.558 ms - 35131[0m
[0mGET /posts/destroy/65f81d77e95f635ff216f16b [32m200[0m 20.623 ms - 74[0m
[0mGET /comments/destroy/65f81d3fe95f635ff216f15c [32m200[0m 23.734 ms - 78[0m
[0mGET /friends/friendship/remove/65f81dd9e95f635ff216f1bc [32m200[0m 94.301 ms - 74[0m
[0mPOST /friends/friendship/add/?toUser=64b66020d03feafc56c2b04e [33m400[0m 20.619 ms - 75[0m
[0mPOST /friends/friendship/add/?toUser=64b66020d03feafc56c2b04e [33m400[0m 17.420 ms - 75[0m
[0mGET /friends/friendship/remove/65f81dfae95f635ff216f1f8 [32m200[0m 36.625 ms - 74[0m
[0mGET /friends/friendship/remove/65f81dd5e95f635ff216f1b2 [32m200[0m 15.226 ms - 74[0m
[0mGET /friends/friendship/remove/65f81dece95f635ff216f1d6 [32m200[0m 21.683 ms - 74[0m
[0mGET /friends/friendship/remove/65f81deee95f635ff216f1de [32m200[0m 20.005 ms - 74[0m
[0mGET /friends/friendship/remove/65f81df8e95f635ff216f1f0 [32m200[0m 40.962 ms - 74[0m
[0mGET /friends/friendship/remove/65f81dfbe95f635ff216f200 [32m200[0m 19.371 ms - 74[0m
[0mGET /friends/friendship/remove/65f81dfde95f635ff216f20a [32m200[0m 14.259 ms - 74[0m
[0mGET / [32m200[0m 55.920 ms - 28934[0m
[0mPOST /friends/friendship/add/?toUser=64b663277ffee22b8f260847 [32m200[0m 20.687 ms - 580[0m
[0mPOST /friends/friendship/add/?toUser=64b663a77ffee22b8f260858 [32m200[0m 38.480 ms - 607[0m
[0mGET / [32m200[0m 62.601 ms - 29778[0m
[0mGET /friends/friendship/remove/65f82071e95f635ff216f277 [32m200[0m 34.687 ms - 74[0m
[0mGET /friends/friendship/remove/65f82073e95f635ff216f27f [32m200[0m 20.787 ms - 74[0m
[0mPOST /friends/friendship/add/?toUser=64e4cc50d7f1192aab5e87ef [32m200[0m 172.373 ms - 666[0m
[0mPOST /friends/friendship/add/?toUser=64e47b3965b7c616e130ce74 [32m200[0m 33.477 ms - 605[0m
[0mGET / [32m200[0m 667.385 ms - 29775[0m
[0mGET /users/sign-up [36m304[0m 573.669 ms - -[0m
[0mGET /favicon.ico [33m404[0m 43.383 ms - 150[0m
[0mGET /users/sign-in [32m200[0m 40.649 ms - 3158[0m
[0mPOST /users/create-Session [36m302[0m 151.148 ms - 46[0m
[0mGET / [32m200[0m 1559.306 ms - 30050[0m
[0mGET /friends/friendship/remove/65f822a0e95f635ff216f2a5 [32m200[0m 342.682 ms - 74[0m
[0mGET /friends/friendship/remove/65f8229ee95f635ff216f29d [32m200[0m 26.944 ms - 74[0m
[0mGET / [32m200[0m 783.949 ms - 28934[0m
[0mGET /favicon.ico [33m404[0m 5.302 ms - 150[0m
[0mPOST /friends/friendship/add/?toUser=64b660bc7ffee22b8f2607ef [33m400[0m 20.540 ms - 75[0m
[0mGET / [36m304[0m 74.426 ms - -[0m
[0mPOST /friends/friendship/add/?toUser=64b663277ffee22b8f260847 [32m200[0m 1467.490 ms - 580[0m
[0mGET / [32m200[0m 78.399 ms - 29356[0m
[0mPOST /friends/friendship/add/?toUser=64b663a77ffee22b8f260858 [32m200[0m 108.610 ms - 607[0m
[0mPOST /friends/friendship/add/?toUser=64e46ca068eb130d999ac4bb [32m200[0m 63.159 ms - 656[0m
[0mPOST /friends/friendship/add/?toUser=64e47b3965b7c616e130ce74 [32m200[0m 58.492 ms - 659[0m
[0mPOST /friends/friendship/add/?toUser=64e4cc50d7f1192aab5e87ef [32m200[0m 32.336 ms - 774[0m
[0mGET / [32m200[0m 70.708 ms - 31047[0m
[0mGET / [32m200[0m 74.329 ms - 14456[0m
[0mGET / [32m200[0m 88.998 ms - 14456[0m
[0mGET /favicon.ico [33m404[0m 3.209 ms - 150[0m
[0mGET /users/sign-in [32m200[0m 33.164 ms - 3158[0m
[0mPOST /users/create-Session [36m302[0m 10.113 ms - 72[0m
[0mGET /users/sign-in [32m200[0m 7.665 ms - 3435[0m
[0mPOST /users/create-Session [36m302[0m 10.604 ms - 46[0m
[0mGET / [32m200[0m 52.276 ms - 29204[0m
[0mPOST /friends/friendship/add/?toUser=64b66020d03feafc56c2b04e [33m400[0m 17.742 ms - 75[0m
[0mGET / [32m200[0m 78.669 ms - 28929[0m
[0mPOST /friends/friendship/add/?toUser=64b661257ffee22b8f260800 [33m400[0m 24.126 ms - 75[0m
[0mGET / [36m304[0m 817.075 ms - -[0m
[0mPOST /friends/friendship/add/?toUser=65f81bffe95f635ff216f06b [32m200[0m 52.331 ms - 715[0m
[0mGET / [32m200[0m 118.476 ms - 29310[0m
[0mPOST /friends/friendship/add/?toUser=64b662847ffee22b8f260822 [32m200[0m 50.630 ms - 656[0m
[0mPOST /users/create-Session [36m302[0m 27.483 ms - 46[0m
[0mGET / [32m200[0m 625.594 ms - 30007[0m
[0mPOST /friends/friendship/add/?toUser=65cdd678c3ee0d3239329c1b [32m200[0m 534.286 ms - 690[0m
[0mGET / [32m200[0m 126.125 ms - 14456[0m
[0mGET /users/sign-in [32m200[0m 57.742 ms - 3158[0m
[0mPOST /users/create-Session [36m302[0m 11.962 ms - 46[0m
[0mGET / [32m200[0m 62.856 ms - 30394[0m
[0mGET /friends/friendship/remove/65f8834a46daee7a7c4b5f2d [32m200[0m 59.593 ms - 74[0m
[0mPOST /friends/friendship/add/?toUser=65cdd678c3ee0d3239329c1b [32m200[0m 39.297 ms - 690[0m
[0mGET / [32m200[0m 317.726 ms - 14456[0m
[0mGET /users/sign-in [36m304[0m 11.354 ms - -[0m
[0mPOST /users/create-Session [36m302[0m 17.203 ms - 46[0m
[0mGET / [32m200[0m 75.289 ms - 30394[0m
[0mGET /friends/friendship/remove/65f87c97bd1da423b27eb77c [32m200[0m 83.376 ms - 74[0m
[0mPOST /friends/friendship/add/?toUser=64e5daa35ad3bb1e2d8f6a2f [32m200[0m 52.448 ms - 627[0m
[0mPOST /friends/friendship/add/?toUser=64e5da5a5ad3bb1e2d8f6a2c [32m200[0m 49.826 ms - 659[0m
[0mPOST /posts/create [32m200[0m 32.091 ms - 325[0m
[0mPOST /comments/create [32m200[0m 43.408 ms - 378[0m
[0mGET / [32m200[0m 201.351 ms - 16121[0m
[0mGET /users/sign-in [36m304[0m 12.562 ms - -[0m
[0mPOST /users/create-Session [36m302[0m 17.361 ms - 46[0m
[0mGET / [32m200[0m 47.014 ms - 33788[0m
[0mGET / [32m200[0m 138.043 ms - 16121[0m
[0mGET /users/sign-in [36m304[0m 8.891 ms - -[0m
[0mPOST /users/create-Session [36m302[0m 13.731 ms - 46[0m
[0mGET / [32m200[0m 78.228 ms - 33788[0m
[0mGET /friends/friendship/remove/65f883e43a15cf4cac9b34d6 [32m200[0m 113.523 ms - 74[0m
[0mGET /friends/friendship/remove/65f883d23a15cf4cac9b34ce [32m200[0m 24.098 ms - 74[0m
[0mGET /friends/friendship/remove/65f8839913f4f91b4a6fe4b4 [32m200[0m 34.193 ms - 74[0m
[0mGET /friends/friendship/remove/65f8754bbd1da423b27eb76a [32m200[0m 30.849 ms - 74[0m
[0mPOST /friends/friendship/add/?toUser=64b66020d03feafc56c2b04e [33m400[0m 14.334 ms - 75[0m
[0mPOST /friends/friendship/add/?toUser=64b661567ffee22b8f260811 [33m400[0m 16.406 ms - 75[0m
[0mPOST /friends/friendship/add/?toUser=64b663277ffee22b8f260847 [33m400[0m 16.514 ms - 75[0m
[0mPOST /friends/friendship/add/?toUser=64e4cc50d7f1192aab5e87ef [33m400[0m 18.611 ms - 75[0m
[0mPOST /friends/friendship/add/?toUser=65cdd61cc3ee0d3239329c15 [32m200[0m 64.793 ms - 580[0m
[0mGET / [32m200[0m 113.163 ms - 16121[0m
[0mGET /users/sign-in [36m304[0m 9.458 ms - -[0m
[0mPOST /users/create-Session [36m302[0m 17.386 ms - 46[0m
[0mGET / [32m200[0m 56.868 ms - 32633[0m
[0mPOST /friends/friendship/add/?toUser=64b661567ffee22b8f260811 [33m400[0m 20.258 ms - 75[0m
[0mPOST /friends/friendship/add/?toUser=64b662847ffee22b8f260822 [32m200[0m 107.409 ms - 656[0m
[0mPOST /friends/friendship/add/?toUser=64b663277ffee22b8f260847 [33m400[0m 17.958 ms - 75[0m
[0mPOST /friends/friendship/add/?toUser=64e46ca068eb130d999ac4bb [33m400[0m 23.262 ms - 75[0m
[0mPOST /friends/friendship/add/?toUser=65cdd61cc3ee0d3239329c15 [33m400[0m 20.107 ms - 75[0m
[0mPOST /friends/friendship/add/?toUser=65f81bffe95f635ff216f06b [32m200[0m 60.292 ms - 769[0m
[0mPOST /friends/friendship/add/?toUser=65cdd61cc3ee0d3239329c15 [33m400[0m 18.247 ms - 75[0m
[0mPOST /friends/friendship/add/?toUser=65cdd678c3ee0d3239329c1b [32m200[0m 59.737 ms - 717[0m
[0mGET / [32m200[0m 67.719 ms - 33548[0m
[0mGET /friends/friendship/remove/65f885e0f48558e5b4f4f30c [36m302[0m 14.452 ms - 36[0m
[0mGET /users/sign-in [36m304[0m 10.020 ms - -[0m
[0mGET /friends/friendship/remove/65f885e0f48558e5b4f4f30c [36m302[0m 2.389 ms - 36[0m
[0mGET /users/sign-in [36m304[0m 4.084 ms - -[0m
[0mGET /friends/friendship/remove/65f885e6f48558e5b4f4f316 [36m302[0m 2.342 ms - 36[0m
[0mGET /users/sign-in [36m304[0m 9.727 ms - -[0m
[0mGET /friends/friendship/remove/65f885d3f48558e5b4f4f2fe [36m302[0m 3.310 ms - 36[0m
[0mGET /users/sign-in [36m304[0m 14.005 ms - -[0m
[0mGET /friends/friendship/remove/65f885865fe017315a976715 [36m302[0m 2.446 ms - 36[0m
[0mGET /users/sign-in [36m304[0m 7.426 ms - -[0m
[0mGET / [32m200[0m 117.334 ms - 16121[0m
[0mGET /users/sign-in [36m304[0m 8.223 ms - -[0m
[0mPOST /users/create-Session [36m302[0m 10.513 ms - 46[0m
[0mGET / [32m200[0m 45.273 ms - 33823[0m
[0mGET /friends/friendship/remove/65f885865fe017315a976715 [32m200[0m 59.615 ms - 74[0m
[0mGET /friends/friendship/remove/65f885d3f48558e5b4f4f2fe [32m200[0m 31.560 ms - 74[0m
[0mGET /friends/friendship/remove/65f885e0f48558e5b4f4f30c [32m200[0m 31.695 ms - 74[0m
[0mGET /friends/friendship/remove/65f885e6f48558e5b4f4f316 [32m200[0m 23.953 ms - 74[0m
[0mPOST /friends/friendship/add/?toUser=64b661567ffee22b8f260811 [33m400[0m 22.250 ms - 75[0m
[0mPOST /friends/friendship/add/?toUser=64b662847ffee22b8f260822 [32m200[0m 51.450 ms - 629[0m
[0mPOST /friends/friendship/add/?toUser=64b662847ffee22b8f260822 [36m302[0m 10.570 ms - 36[0m
[0mGET /users/sign-in [36m304[0m 10.194 ms - -[0m
[0mGET / [32m200[0m 118.467 ms - 16121[0m
[0mGET /users/sign-in [36m304[0m 12.996 ms - -[0m
[0mPOST /users/create-Session [36m302[0m 34.017 ms - 46[0m
[0mGET / [32m200[0m 68.316 ms - 32670[0m
[0mGET / [32m200[0m 106.881 ms - 16121[0m
[0mGET /users/sign-in [36m304[0m 12.323 ms - -[0m
[0mPOST /users/create-Session [36m302[0m 12.923 ms - 46[0m
[0mGET / [32m200[0m 42.974 ms - 32670[0m
[0mPOST /friends/friendship/add/?toUser=65f81bffe95f635ff216f06b [32m200[0m 113.384 ms - 742[0m
[0mGET / [32m200[0m 89.966 ms - 16121[0m
[0mGET /users/sign-in [36m304[0m 14.631 ms - -[0m
[0mPOST /users/create-Session [36m302[0m 13.310 ms - 46[0m
[0mGET / [32m200[0m 40.158 ms - 33051[0m
[0mGET /friends/friendship/remove/65f886a3b42c183491ba113e [32m200[0m 66.991 ms - 74[0m
[0mGET /friends/friendship/remove/65f886293a94e406ac01827b [32m200[0m 26.672 ms - 74[0m
[0mPOST /friends/friendship/add/?toUser=64b661567ffee22b8f260811 [33m400[0m 18.621 ms - 75[0m
[0mPOST /friends/friendship/add/?toUser=64b663277ffee22b8f260847 [33m400[0m 15.425 ms - 75[0m
[0mPOST /friends/friendship/add/?toUser=64b662847ffee22b8f260822 [32m200[0m 57.022 ms - 629[0m
[0mPOST /friends/friendship/add/?toUser=64b663a77ffee22b8f260858 [33m400[0m 8.667 ms - 75[0m
[0mPOST /friends/friendship/add/?toUser=64e47b3965b7c616e130ce74 [33m400[0m 19.868 ms - 75[0m
[0mPOST /friends/friendship/add/?toUser=64e4cc50d7f1192aab5e87ef [33m400[0m 16.164 ms - 75[0m
[0mPOST /friends/friendship/add/?toUser=64e5daa35ad3bb1e2d8f6a2f [32m200[0m 45.839 ms - 600[0m
[0mGET /undefined [33m404[0m 9.111 ms - 148[0m
[0mPOST /friends/friendship/add/?toUser=65f81bffe95f635ff216f06b [32m200[0m 51.224 ms - 769[0m
[0mGET /undefined [33m404[0m 7.794 ms - 148[0m
